c:\users\eric\workspace\c stuff\one punch out\one punch out\release\vc120.pdb
c:\users\eric\workspace\c stuff\one punch out\one punch out\release\timer.obj
c:\users\eric\workspace\c stuff\one punch out\one punch out\release\button.obj
c:\users\eric\workspace\c stuff\one punch out\one punch out\release\physics.obj
c:\users\eric\workspace\c stuff\one punch out\one punch out\release\main.obj
c:\users\eric\workspace\c stuff\one punch out\one punch out\release\texutils.obj
c:\users\eric\workspace\c stuff\one punch out\one punch out\release\texture.obj
c:\users\eric\workspace\c stuff\one punch out\one punch out\release\spritesheet.obj
c:\users\eric\workspace\c stuff\one punch out\one punch out\release\selectionstate.obj
c:\users\eric\workspace\c stuff\one punch out\one punch out\release\menu.obj
c:\users\eric\workspace\c stuff\one punch out\one punch out\release\map.obj
c:\users\eric\workspace\c stuff\one punch out\one punch out\release\level.obj
c:\users\eric\workspace\c stuff\one punch out\one punch out\release\application.obj
c:\users\eric\workspace\c stuff\one punch out\one punch out\release\weapon.obj
c:\users\eric\workspace\c stuff\one punch out\one punch out\release\projectile.obj
c:\users\eric\workspace\c stuff\one punch out\one punch out\release\player.obj
c:\users\eric\workspace\c stuff\one punch out\one punch out\release\editorstate.obj
c:\users\eric\workspace\c stuff\one punch out\release\one punch out.exe
c:\users\eric\workspace\c stuff\one punch out\release\one punch out.pdb
c:\users\eric\workspace\c stuff\one punch out\one punch out\release\one punch out.tlog\cl.command.1.tlog
c:\users\eric\workspace\c stuff\one punch out\one punch out\release\one punch out.tlog\cl.read.1.tlog
c:\users\eric\workspace\c stuff\one punch out\one punch out\release\one punch out.tlog\cl.write.1.tlog
c:\users\eric\workspace\c stuff\one punch out\one punch out\release\one punch out.tlog\link.command.1.tlog
c:\users\eric\workspace\c stuff\one punch out\one punch out\release\one punch out.tlog\link.read.1.tlog
c:\users\eric\workspace\c stuff\one punch out\one punch out\release\one punch out.tlog\link.write.1.tlog
