Build started 12/30/2015 8:06:24 PM.
     1>Project "C:\Users\Eric\workspace\C Stuff\One Punch Out\One Punch Out\One Punch Out.vcxproj" on node 2 (Build target(s)).
     1>ClCompile:
         C:\Program Files (x86)\Microsoft Visual Studio 12.0\VC\bin\CL.exe /c /ZI /nologo /W3 /WX- /sdl /Od /Oy- /D _MBCS /Gm /EHsc /RTC1 /MDd /GS /fp:precise /Zc:wchar_t /Zc:forScope /Fo"Debug\\" /Fd"Debug\vc120.pdb" /Gd /TP /analyze- /errorReport:prompt src\entity\player.cpp src\game\application.cpp src\game\level.cpp src\game\map.cpp src\game\menu.cpp src\game\selectionstate.cpp src\main.cpp src\utils\gui\button.cpp
         map.cpp
         Generating Code...
         Compiling...
         button.cpp
         main.cpp
         selectionstate.cpp
         menu.cpp
         level.cpp
         application.cpp
         player.cpp
     1>c:\users\eric\workspace\c stuff\one punch out\one punch out\src\entity\player.cpp(133): warning C4244: '=' : conversion from 'int' to 'GLfloat', possible loss of data
     1>c:\users\eric\workspace\c stuff\one punch out\one punch out\src\entity\player.cpp(134): warning C4244: '=' : conversion from 'int' to 'GLfloat', possible loss of data
         Generating Code...
       Link:
         C:\Program Files (x86)\Microsoft Visual Studio 12.0\VC\bin\link.exe /ERRORREPORT:PROMPT /OUT:"C:\Users\Eric\workspace\C Stuff\One Punch Out\Debug\One Punch Out.exe" /INCREMENTAL /NOLOGO opengl32.lib glu32.lib glew32.lib SDL2.lib SDL2main.lib SDL2_image.lib SDL2_ttf.lib SDL2_mixer.lib kernel32.lib user32.lib gdi32.lib winspool.lib comdlg32.lib advapi32.lib shell32.lib ole32.lib oleaut32.lib uuid.lib odbc32.lib odbccp32.lib /MANIFEST /MANIFESTUAC:"level='asInvoker' uiAccess='false'" /manifest:embed /DEBUG /PDB:"C:\Users\Eric\workspace\C Stuff\One Punch Out\Debug\One Punch Out.pdb" /TLBID:1 /DYNAMICBASE /NXCOMPAT /IMPLIB:"C:\Users\Eric\workspace\C Stuff\One Punch Out\Debug\One Punch Out.lib" /MACHINE:X86 Debug\player.obj
         Debug\projectile.obj
         Debug\weapon.obj
         Debug\application.obj
         Debug\level.obj
         Debug\map.obj
         Debug\menu.obj
         Debug\selectionstate.obj
         Debug\spritesheet.obj
         Debug\texture.obj
         Debug\texutils.obj
         Debug\main.obj
         Debug\physics.obj
         Debug\button.obj
         Debug\timer.obj
     1>LINK : fatal error LNK1104: cannot open file 'glew32.lib'
     1>Done Building Project "C:\Users\Eric\workspace\C Stuff\One Punch Out\One Punch Out\One Punch Out.vcxproj" (Build target(s)) -- FAILED.

Build FAILED.

Time Elapsed 00:00:08.22
